app/build/intermediates/manifest_merge_blame_file/STAR_Prod_SAP_Release/processSTAR_Prod_SAP_ReleaseMainManifest/manifest-merger-blame-STAR_Prod_SAP_-release-report.txt
1<?xml version="1.0" encoding="utf-8"?>
2<manifest xmlns:android="http://schemas.android.com/apk/res/android"
3    package="org.forcepower.starcement"
4    android:installLocation="auto"
5    android:versionCode="127"
6    android:versionName="22.026" >
7
8    <uses-sdk
9        android:minSdkVersion="26"
10        android:targetSdkVersion="35" />
11
12    <uses-permission android:name="android.permission.ACCESS_NETWORK_STATE" />
12-->src/main/AndroidManifest.xml:7:5-79
12-->src/main/AndroidManifest.xml:7:22-76
13    <uses-permission android:name="android.permission.INTERNET" />
13-->src/main/AndroidManifest.xml:8:5-67
13-->src/main/AndroidManifest.xml:8:22-64
14    <uses-permission android:name="android.permission.POST_NOTIFICATIONS" />
14-->src/main/AndroidManifest.xml:9:5-77
14-->src/main/AndroidManifest.xml:9:22-74
15    <uses-permission android:name="android.permission.ACCESS_WIFI_STATE" />
15-->src/main/AndroidManifest.xml:10:5-76
15-->src/main/AndroidManifest.xml:10:22-73
16    <uses-permission android:name="android.permission.CAMERA" />
16-->src/main/AndroidManifest.xml:11:5-65
16-->src/main/AndroidManifest.xml:11:22-62
17
18    <uses-feature
18-->src/main/AndroidManifest.xml:13:5-15:35
19        android:glEsVersion="0x00020000"
19-->src/main/AndroidManifest.xml:14:9-41
20        android:required="true" />
20-->src/main/AndroidManifest.xml:15:9-32
21    <uses-feature
21-->src/main/AndroidManifest.xml:16:5-18:36
22        android:name="android.hardware.camera"
22-->src/main/AndroidManifest.xml:17:9-47
23        android:required="false" />
23-->src/main/AndroidManifest.xml:18:9-33
24
25    <supports-screens
25-->src/main/AndroidManifest.xml:20:5-26:40
26        android:anyDensity="true"
26-->src/main/AndroidManifest.xml:21:9-34
27        android:largeScreens="true"
27-->src/main/AndroidManifest.xml:22:9-36
28        android:normalScreens="true"
28-->src/main/AndroidManifest.xml:23:9-37
29        android:resizeable="true"
29-->src/main/AndroidManifest.xml:24:9-34
30        android:smallScreens="true"
30-->src/main/AndroidManifest.xml:25:9-36
31        android:xlargeScreens="true" />
31-->src/main/AndroidManifest.xml:26:9-37
32
33    <uses-permission android:name="android.permission.WAKE_LOCK" /> <!-- Required by older versions of Google Play services to create IID tokens -->
33-->[com.google.firebase:firebase-messaging:24.1.0] AndroidManifest.xml:24:5-68
33-->[com.google.firebase:firebase-messaging:24.1.0] AndroidManifest.xml:24:22-65
34    <uses-permission android:name="com.google.android.c2dm.permission.RECEIVE" />
34-->[com.google.firebase:firebase-messaging:24.1.0] AndroidManifest.xml:26:5-82
34-->[com.google.firebase:firebase-messaging:24.1.0] AndroidManifest.xml:26:22-79
35
36    <permission
36-->[androidx.core:core:1.15.0] AndroidManifest.xml:22:5-24:47
37        android:name="org.forcepower.starcement.DYNAMIC_RECEIVER_NOT_EXPORTED_PERMISSION"
37-->[androidx.core:core:1.15.0] AndroidManifest.xml:23:9-81
38        android:protectionLevel="signature" />
38-->[androidx.core:core:1.15.0] AndroidManifest.xml:24:9-44
39
40    <uses-permission android:name="org.forcepower.starcement.DYNAMIC_RECEIVER_NOT_EXPORTED_PERMISSION" />
40-->[androidx.core:core:1.15.0] AndroidManifest.xml:26:5-97
40-->[androidx.core:core:1.15.0] AndroidManifest.xml:26:22-94
41
42    <application
42-->src/main/AndroidManifest.xml:28:5-333:19
43        android:name="org.forcepower.starcement.application.ParentApplication"
43-->src/main/AndroidManifest.xml:29:9-54
44        android:appComponentFactory="androidx.core.app.CoreComponentFactory"
44-->[androidx.core:core:1.15.0] AndroidManifest.xml:28:18-86
45        android:extractNativeLibs="false"
46        android:icon="@mipmap/ic_launcher"
46-->src/main/AndroidManifest.xml:30:9-43
47        android:label="@string/app_name"
47-->src/main/AndroidManifest.xml:31:9-41
48        android:largeHeap="true"
48-->src/main/AndroidManifest.xml:32:9-33
49        android:launchMode="singleTask"
49-->src/main/AndroidManifest.xml:33:9-40
50        android:networkSecurityConfig="@xml/network_security_config"
50-->src/main/AndroidManifest.xml:34:9-69
51        android:requestLegacyExternalStorage="true"
51-->src/main/AndroidManifest.xml:35:9-52
52        android:roundIcon="@mipmap/ic_launcher"
52-->src/main/AndroidManifest.xml:36:9-48
53        android:theme="@style/myAppTheme"
53-->src/main/AndroidManifest.xml:37:9-42
54        android:usesCleartextTraffic="true" >
54-->src/main/AndroidManifest.xml:38:9-44
55        <activity
55-->src/main/AndroidManifest.xml:39:9-41:40
56            android:name="org.forcepower.starcement.activity.WebViewActivity"
56-->src/main/AndroidManifest.xml:40:13-53
57            android:exported="false" />
57-->src/main/AndroidManifest.xml:41:13-37
58        <activity
58-->src/main/AndroidManifest.xml:42:9-44:40
59            android:name="org.forcepower.starcement.activity.test.TextActivity"
59-->src/main/AndroidManifest.xml:43:13-55
60            android:exported="false" />
60-->src/main/AndroidManifest.xml:44:13-37
61        <activity
61-->src/main/AndroidManifest.xml:45:9-47:40
62            android:name="org.forcepower.starcement.activity.dealer_lifting_allocation.DealerLiftingAllocationActivity"
62-->src/main/AndroidManifest.xml:46:13-95
63            android:exported="false" /> <!-- <activity -->
63-->src/main/AndroidManifest.xml:47:13-37
64        <!-- android:name=".activity.dealer_lifting_allocation.DealerLiftingAllocationActivity" -->
65        <!-- android:exported="false" /> -->
66        <activity
66-->src/main/AndroidManifest.xml:50:9-52:40
67            android:name="org.forcepower.starcement.activity.kismet_ki_bori.KismetKiBoriActivity"
67-->src/main/AndroidManifest.xml:51:13-73
68            android:exported="false" />
68-->src/main/AndroidManifest.xml:52:13-37
69        <activity
69-->src/main/AndroidManifest.xml:53:9-55:40
70            android:name="org.forcepower.starcement.activity.declaration_of_dealer.DealerDeclarationActivity"
70-->src/main/AndroidManifest.xml:54:13-85
71            android:exported="false" />
71-->src/main/AndroidManifest.xml:55:13-37
72
73        <uses-library
73-->src/main/AndroidManifest.xml:57:9-59:40
74            android:name="org.apache.http.legacy"
74-->src/main/AndroidManifest.xml:58:13-50
75            android:required="false" />
75-->src/main/AndroidManifest.xml:59:13-37
76
77        <activity
77-->src/main/AndroidManifest.xml:61:9-72:20
78            android:name="org.forcepower.starcement.aaa.SplashActivity"
78-->src/main/AndroidManifest.xml:62:13-47
79            android:configChanges="orientation|keyboard|keyboardHidden"
79-->src/main/AndroidManifest.xml:63:13-72
80            android:exported="true"
80-->src/main/AndroidManifest.xml:64:13-36
81            android:screenOrientation="portrait"
81-->src/main/AndroidManifest.xml:65:13-49
82            android:windowSoftInputMode="stateAlwaysHidden|adjustNothing" >
82-->src/main/AndroidManifest.xml:66:13-74
83            <intent-filter>
83-->src/main/AndroidManifest.xml:67:13-71:29
84                <action android:name="android.intent.action.MAIN" />
84-->src/main/AndroidManifest.xml:68:17-69
84-->src/main/AndroidManifest.xml:68:25-66
85
86                <category android:name="android.intent.category.LAUNCHER" />
86-->src/main/AndroidManifest.xml:70:17-77
86-->src/main/AndroidManifest.xml:70:27-74
87            </intent-filter>
88        </activity>
89        <activity
89-->src/main/AndroidManifest.xml:73:9-76:77
90            android:name="org.forcepower.starcement.aaa.LoginActivity"
90-->src/main/AndroidManifest.xml:74:13-46
91            android:screenOrientation="portrait"
91-->src/main/AndroidManifest.xml:75:13-49
92            android:windowSoftInputMode="stateAlwaysVisible|adjustResize" />
92-->src/main/AndroidManifest.xml:76:13-74
93        <activity
93-->src/main/AndroidManifest.xml:77:9-80:63
94            android:name="org.forcepower.starcement.aaa.MenuActivity"
94-->src/main/AndroidManifest.xml:78:13-45
95            android:screenOrientation="portrait"
95-->src/main/AndroidManifest.xml:79:13-49
96            android:windowSoftInputMode="stateAlwaysHidden" />
96-->src/main/AndroidManifest.xml:80:13-60
97        <activity
97-->src/main/AndroidManifest.xml:81:9-84:70
98            android:name="org.forcepower.starcement.aaa.MaterialRcvActivity"
98-->src/main/AndroidManifest.xml:82:13-52
99            android:screenOrientation="portrait"
99-->src/main/AndroidManifest.xml:83:13-49
100            android:windowSoftInputMode="stateHidden|adjustResize" />
100-->src/main/AndroidManifest.xml:84:13-67
101        <activity
101-->src/main/AndroidManifest.xml:85:9-89:74
102            android:name="org.forcepower.starcement.aaa.ReviewRatingActivity"
102-->src/main/AndroidManifest.xml:86:13-53
103            android:configChanges="orientation|keyboard|keyboardHidden"
103-->src/main/AndroidManifest.xml:87:13-72
104            android:screenOrientation="portrait"
104-->src/main/AndroidManifest.xml:88:13-49
105            android:windowSoftInputMode="adjustPan|stateAlwaysVisible" />
105-->src/main/AndroidManifest.xml:89:13-71
106        <activity
106-->src/main/AndroidManifest.xml:90:9-93:70
107            android:name="org.forcepower.starcement.aaa.PopOrderFeedBackActivity"
107-->src/main/AndroidManifest.xml:91:13-57
108            android:screenOrientation="portrait"
108-->src/main/AndroidManifest.xml:92:13-49
109            android:windowSoftInputMode="stateHidden|adjustResize" />
109-->src/main/AndroidManifest.xml:93:13-67
110        <activity
110-->src/main/AndroidManifest.xml:94:9-97:70
111            android:name="org.forcepower.starcement.aaa.InvoiceActivity"
111-->src/main/AndroidManifest.xml:95:13-48
112            android:screenOrientation="portrait"
112-->src/main/AndroidManifest.xml:96:13-49
113            android:windowSoftInputMode="stateHidden|adjustResize" />
113-->src/main/AndroidManifest.xml:97:13-67
114        <activity
114-->src/main/AndroidManifest.xml:98:9-102:70
115            android:name="org.forcepower.starcement.aaa.ActivityOrderFilter"
115-->src/main/AndroidManifest.xml:99:13-52
116            android:configChanges="orientation|keyboard|keyboardHidden"
116-->src/main/AndroidManifest.xml:100:13-72
117            android:screenOrientation="portrait"
117-->src/main/AndroidManifest.xml:101:13-49
118            android:windowSoftInputMode="stateHidden|adjustResize" />
118-->src/main/AndroidManifest.xml:102:13-67
119        <activity
119-->src/main/AndroidManifest.xml:103:9-107:67
120            android:name="org.forcepower.starcement.aaa.HelpActivity"
120-->src/main/AndroidManifest.xml:104:13-45
121            android:configChanges="orientation|keyboard|keyboardHidden"
121-->src/main/AndroidManifest.xml:105:13-72
122            android:screenOrientation="portrait"
122-->src/main/AndroidManifest.xml:106:13-49
123            android:windowSoftInputMode="stateHidden|adjustPan" />
123-->src/main/AndroidManifest.xml:107:13-64
124
125        <service
125-->src/main/AndroidManifest.xml:109:9-115:19
126            android:name="org.forcepower.starcement.firebase.MyFirebaseMessagingService"
126-->src/main/AndroidManifest.xml:110:13-64
127            android:exported="false" >
127-->src/main/AndroidManifest.xml:111:13-37
128            <intent-filter>
128-->src/main/AndroidManifest.xml:112:13-114:29
129                <action android:name="com.google.firebase.MESSAGING_EVENT" />
129-->src/main/AndroidManifest.xml:113:17-78
129-->src/main/AndroidManifest.xml:113:25-75
130            </intent-filter>
131        </service> <!-- [START fcm_default_channel] -->
132        <meta-data
132-->src/main/AndroidManifest.xml:116:9-118:71
133            android:name="com.google.firebase.messaging.default_notification_channel_id"
133-->src/main/AndroidManifest.xml:117:13-89
134            android:value="@string/default_notification_channel_id" />
134-->src/main/AndroidManifest.xml:118:13-68
135
136        <provider
137            android:name="androidx.core.content.FileProvider"
137-->src/main/AndroidManifest.xml:121:13-62
138            android:authorities="org.forcepower.starcement.provider"
138-->src/main/AndroidManifest.xml:122:13-60
139            android:exported="false"
139-->src/main/AndroidManifest.xml:123:13-37
140            android:grantUriPermissions="true" >
140-->src/main/AndroidManifest.xml:124:13-47
141            <meta-data
141-->src/main/AndroidManifest.xml:125:13-127:58
142                android:name="android.support.FILE_PROVIDER_PATHS"
142-->src/main/AndroidManifest.xml:126:17-67
143                android:resource="@xml/provider_paths" />
143-->src/main/AndroidManifest.xml:127:17-55
144        </provider>
145
146        <activity
146-->src/main/AndroidManifest.xml:130:9-134:74
147            android:name="org.forcepower.starcement.aaa.OtpActivity"
147-->src/main/AndroidManifest.xml:131:13-44
148            android:configChanges="orientation|keyboard|keyboardHidden"
148-->src/main/AndroidManifest.xml:132:13-72
149            android:screenOrientation="portrait"
149-->src/main/AndroidManifest.xml:133:13-49
150            android:windowSoftInputMode="adjustPan|stateAlwaysVisible" />
150-->src/main/AndroidManifest.xml:134:13-71
151        <activity
151-->src/main/AndroidManifest.xml:135:9-139:76
152            android:name="org.forcepower.starcement.aaa.DetailsActivity"
152-->src/main/AndroidManifest.xml:136:13-48
153            android:configChanges="orientation|keyboard|keyboardHidden"
153-->src/main/AndroidManifest.xml:137:13-72
154            android:screenOrientation="portrait"
154-->src/main/AndroidManifest.xml:138:13-49
155            android:windowSoftInputMode="adjustResize|stateAlwaysHidden" />
155-->src/main/AndroidManifest.xml:139:13-73
156        <activity
156-->src/main/AndroidManifest.xml:140:9-144:59
157            android:name="org.forcepower.starcement.aaa.LedgerActivity"
157-->src/main/AndroidManifest.xml:141:13-47
158            android:configChanges="orientation|keyboard|keyboardHidden"
158-->src/main/AndroidManifest.xml:142:13-72
159            android:screenOrientation="portrait"
159-->src/main/AndroidManifest.xml:143:13-49
160            android:windowSoftInputMode="adjustNothing" />
160-->src/main/AndroidManifest.xml:144:13-56
161        <activity
161-->src/main/AndroidManifest.xml:145:9-149:59
162            android:name="org.forcepower.starcement.aaa.SubDealerLedgerActivity"
162-->src/main/AndroidManifest.xml:146:13-56
163            android:configChanges="orientation|keyboard|keyboardHidden"
163-->src/main/AndroidManifest.xml:147:13-72
164            android:screenOrientation="portrait"
164-->src/main/AndroidManifest.xml:148:13-49
165            android:windowSoftInputMode="adjustNothing" />
165-->src/main/AndroidManifest.xml:149:13-56
166        <activity
166-->src/main/AndroidManifest.xml:150:9-154:59
167            android:name="org.forcepower.starcement.aaa.AgeingActivity"
167-->src/main/AndroidManifest.xml:151:13-47
168            android:configChanges="orientation|keyboard|keyboardHidden"
168-->src/main/AndroidManifest.xml:152:13-72
169            android:screenOrientation="portrait"
169-->src/main/AndroidManifest.xml:153:13-49
170            android:windowSoftInputMode="adjustNothing" />
170-->src/main/AndroidManifest.xml:154:13-56
171        <activity
171-->src/main/AndroidManifest.xml:155:9-159:59
172            android:name="org.forcepower.starcement.aaa.ReviewRatingListActivity"
172-->src/main/AndroidManifest.xml:156:13-57
173            android:configChanges="orientation|keyboard|keyboardHidden"
173-->src/main/AndroidManifest.xml:157:13-72
174            android:screenOrientation="portrait"
174-->src/main/AndroidManifest.xml:158:13-49
175            android:windowSoftInputMode="adjustNothing" />
175-->src/main/AndroidManifest.xml:159:13-56
176        <activity
176-->src/main/AndroidManifest.xml:160:9-163:68
177            android:name="org.forcepower.starcement.aaa.PopProductActivity"
177-->src/main/AndroidManifest.xml:161:13-51
178            android:screenOrientation="portrait"
178-->src/main/AndroidManifest.xml:162:13-49
179            android:windowSoftInputMode="adjustPan|adjustResize" />
179-->src/main/AndroidManifest.xml:163:13-65
180        <activity
180-->src/main/AndroidManifest.xml:164:9-167:70
181            android:name="org.forcepower.starcement.aaa.ProductWiseGraphActivity"
181-->src/main/AndroidManifest.xml:165:13-57
182            android:screenOrientation="portrait"
182-->src/main/AndroidManifest.xml:166:13-49
183            android:windowSoftInputMode="stateHidden|adjustResize" />
183-->src/main/AndroidManifest.xml:167:13-67
184        <activity
184-->src/main/AndroidManifest.xml:168:9-172:55
185            android:name="org.forcepower.starcement.aaa.CommonWebViewActivity"
185-->src/main/AndroidManifest.xml:169:13-54
186            android:configChanges="orientation|keyboard|keyboardHidden"
186-->src/main/AndroidManifest.xml:170:13-72
187            android:screenOrientation="portrait"
187-->src/main/AndroidManifest.xml:171:13-49
188            android:windowSoftInputMode="adjustPan" />
188-->src/main/AndroidManifest.xml:172:13-52
189        <activity
189-->src/main/AndroidManifest.xml:173:9-177:67
190            android:name="org.forcepower.starcement.aaa.PaymentWebViewActivity"
190-->src/main/AndroidManifest.xml:174:13-55
191            android:configChanges="orientation|keyboard|keyboardHidden"
191-->src/main/AndroidManifest.xml:175:13-72
192            android:screenOrientation="portrait"
192-->src/main/AndroidManifest.xml:176:13-49
193            android:windowSoftInputMode="adjustPan|stateHidden" />
193-->src/main/AndroidManifest.xml:177:13-64
194        <activity
194-->src/main/AndroidManifest.xml:178:9-182:73
195            android:name="org.forcepower.starcement.aaa.PopPaymentWebViewActivity"
195-->src/main/AndroidManifest.xml:179:13-58
196            android:configChanges="orientation|keyboard|keyboardHidden"
196-->src/main/AndroidManifest.xml:180:13-72
197            android:screenOrientation="portrait"
197-->src/main/AndroidManifest.xml:181:13-49
198            android:windowSoftInputMode="adjustPan|stateAlwaysHidden" />
198-->src/main/AndroidManifest.xml:182:13-70
199        <activity
199-->src/main/AndroidManifest.xml:183:9-187:55
200            android:name="org.forcepower.starcement.aaa.DealerFormWebViewActivity"
200-->src/main/AndroidManifest.xml:184:13-58
201            android:configChanges="orientation|keyboard|keyboardHidden"
201-->src/main/AndroidManifest.xml:185:13-72
202            android:screenOrientation="portrait"
202-->src/main/AndroidManifest.xml:186:13-49
203            android:windowSoftInputMode="adjustPan" />
203-->src/main/AndroidManifest.xml:187:13-52
204        <activity
204-->src/main/AndroidManifest.xml:188:9-192:70
205            android:name="org.forcepower.starcement.aaa.PayAmountActivity"
205-->src/main/AndroidManifest.xml:189:13-50
206            android:configChanges="orientation|keyboard|keyboardHidden"
206-->src/main/AndroidManifest.xml:190:13-72
207            android:screenOrientation="portrait"
207-->src/main/AndroidManifest.xml:191:13-49
208            android:windowSoftInputMode="stateHidden|adjustResize" />
208-->src/main/AndroidManifest.xml:192:13-67
209        <activity
209-->src/main/AndroidManifest.xml:193:9-197:70
210            android:name="org.forcepower.starcement.aaa.PayAmountPopActivity"
210-->src/main/AndroidManifest.xml:194:13-53
211            android:configChanges="orientation|keyboard|keyboardHidden"
211-->src/main/AndroidManifest.xml:195:13-72
212            android:screenOrientation="portrait"
212-->src/main/AndroidManifest.xml:196:13-49
213            android:windowSoftInputMode="stateHidden|adjustResize" />
213-->src/main/AndroidManifest.xml:197:13-67
214        <activity
214-->src/main/AndroidManifest.xml:198:9-202:55
215            android:name="org.forcepower.starcement.aaa.PaymentSummaryActivity"
215-->src/main/AndroidManifest.xml:199:13-55
216            android:configChanges="orientation|keyboard|keyboardHidden"
216-->src/main/AndroidManifest.xml:200:13-72
217            android:screenOrientation="portrait"
217-->src/main/AndroidManifest.xml:201:13-49
218            android:windowSoftInputMode="adjustPan" />
218-->src/main/AndroidManifest.xml:202:13-52
219        <activity
219-->src/main/AndroidManifest.xml:203:9-207:55
220            android:name="org.forcepower.starcement.aaa.PlaceOrderActivity"
220-->src/main/AndroidManifest.xml:204:13-51
221            android:configChanges="orientation|keyboard|keyboardHidden"
221-->src/main/AndroidManifest.xml:205:13-72
222            android:screenOrientation="portrait"
222-->src/main/AndroidManifest.xml:206:13-49
223            android:windowSoftInputMode="adjustPan" />
223-->src/main/AndroidManifest.xml:207:13-52
224        <activity
224-->src/main/AndroidManifest.xml:208:9-212:55
225            android:name="org.forcepower.starcement.aaa.TrackOrderActivityNewInv"
225-->src/main/AndroidManifest.xml:209:13-57
226            android:configChanges="orientation|keyboard|keyboardHidden"
226-->src/main/AndroidManifest.xml:210:13-72
227            android:screenOrientation="portrait"
227-->src/main/AndroidManifest.xml:211:13-49
228            android:windowSoftInputMode="adjustPan" />
228-->src/main/AndroidManifest.xml:212:13-52
229        <activity
229-->src/main/AndroidManifest.xml:213:9-217:55
230            android:name="org.forcepower.starcement.aaa.SubDealerTrackOrderNewActivityNew"
230-->src/main/AndroidManifest.xml:214:13-66
231            android:configChanges="orientation|keyboard|keyboardHidden"
231-->src/main/AndroidManifest.xml:215:13-72
232            android:screenOrientation="portrait"
232-->src/main/AndroidManifest.xml:216:13-49
233            android:windowSoftInputMode="adjustPan" />
233-->src/main/AndroidManifest.xml:217:13-52
234        <activity
234-->src/main/AndroidManifest.xml:218:9-222:55
235            android:name="org.forcepower.starcement.aaa.NotificationDetailsActivity"
235-->src/main/AndroidManifest.xml:219:13-60
236            android:configChanges="orientation|keyboard|keyboardHidden"
236-->src/main/AndroidManifest.xml:220:13-72
237            android:screenOrientation="portrait"
237-->src/main/AndroidManifest.xml:221:13-49
238            android:windowSoftInputMode="adjustPan" />
238-->src/main/AndroidManifest.xml:222:13-52
239        <activity
239-->src/main/AndroidManifest.xml:223:9-227:55
240            android:name="org.forcepower.starcement.aaa.KYCActivity"
240-->src/main/AndroidManifest.xml:224:13-44
241            android:configChanges="orientation|keyboard|keyboardHidden"
241-->src/main/AndroidManifest.xml:225:13-72
242            android:screenOrientation="portrait"
242-->src/main/AndroidManifest.xml:226:13-49
243            android:windowSoftInputMode="adjustPan" />
243-->src/main/AndroidManifest.xml:227:13-52
244        <activity
244-->src/main/AndroidManifest.xml:228:9-232:55
245            android:name="org.forcepower.starcement.aaa.SchemePdfActivity"
245-->src/main/AndroidManifest.xml:229:13-50
246            android:configChanges="orientation|keyboard|keyboardHidden"
246-->src/main/AndroidManifest.xml:230:13-72
247            android:screenOrientation="portrait"
247-->src/main/AndroidManifest.xml:231:13-49
248            android:windowSoftInputMode="adjustPan" />
248-->src/main/AndroidManifest.xml:232:13-52
249        <activity
249-->src/main/AndroidManifest.xml:233:9-237:55
250            android:name="org.forcepower.starcement.aaa.PdfViewerActivity"
250-->src/main/AndroidManifest.xml:234:13-50
251            android:configChanges="orientation|keyboard|keyboardHidden"
251-->src/main/AndroidManifest.xml:235:13-72
252            android:screenOrientation="portrait"
252-->src/main/AndroidManifest.xml:236:13-49
253            android:windowSoftInputMode="adjustPan" />
253-->src/main/AndroidManifest.xml:237:13-52
254        <activity
254-->src/main/AndroidManifest.xml:238:9-242:55
255            android:name="org.forcepower.starcement.aaa.SchemeListPdfActivity"
255-->src/main/AndroidManifest.xml:239:13-54
256            android:configChanges="orientation|keyboard|keyboardHidden"
256-->src/main/AndroidManifest.xml:240:13-72
257            android:screenOrientation="portrait"
257-->src/main/AndroidManifest.xml:241:13-49
258            android:windowSoftInputMode="adjustPan" />
258-->src/main/AndroidManifest.xml:242:13-52
259        <activity
259-->src/main/AndroidManifest.xml:243:9-247:55
260            android:name="org.forcepower.starcement.aaa.PaymentActivity"
260-->src/main/AndroidManifest.xml:244:13-48
261            android:configChanges="orientation|keyboard|keyboardHidden"
261-->src/main/AndroidManifest.xml:245:13-72
262            android:screenOrientation="portrait"
262-->src/main/AndroidManifest.xml:246:13-49
263            android:windowSoftInputMode="adjustPan" />
263-->src/main/AndroidManifest.xml:247:13-52
264        <activity
264-->src/main/AndroidManifest.xml:248:9-252:55
265            android:name="org.forcepower.starcement.aaa.NotificationPdfActivity"
265-->src/main/AndroidManifest.xml:249:13-56
266            android:configChanges="orientation|keyboard|keyboardHidden"
266-->src/main/AndroidManifest.xml:250:13-72
267            android:screenOrientation="portrait"
267-->src/main/AndroidManifest.xml:251:13-49
268            android:windowSoftInputMode="adjustPan" />
268-->src/main/AndroidManifest.xml:252:13-52
269        <activity
269-->src/main/AndroidManifest.xml:253:9-257:55
270            android:name="org.forcepower.starcement.aaa.NotificationListActivity"
270-->src/main/AndroidManifest.xml:254:13-57
271            android:configChanges="orientation|keyboard|keyboardHidden"
271-->src/main/AndroidManifest.xml:255:13-72
272            android:screenOrientation="portrait"
272-->src/main/AndroidManifest.xml:256:13-49
273            android:windowSoftInputMode="adjustPan" />
273-->src/main/AndroidManifest.xml:257:13-52
274        <activity
274-->src/main/AndroidManifest.xml:258:9-262:55
275            android:name="org.forcepower.starcement.aaa.SelfAppraisalDetailsListActivity"
275-->src/main/AndroidManifest.xml:259:13-65
276            android:configChanges="orientation|keyboard|keyboardHidden"
276-->src/main/AndroidManifest.xml:260:13-72
277            android:screenOrientation="portrait"
277-->src/main/AndroidManifest.xml:261:13-49
278            android:windowSoftInputMode="adjustPan" />
278-->src/main/AndroidManifest.xml:262:13-52
279        <activity
279-->src/main/AndroidManifest.xml:263:9-267:55
280            android:name="org.forcepower.starcement.aaa.SelfAppraisalLandingActivity"
280-->src/main/AndroidManifest.xml:264:13-61
281            android:configChanges="orientation|keyboard|keyboardHidden"
281-->src/main/AndroidManifest.xml:265:13-72
282            android:screenOrientation="portrait"
282-->src/main/AndroidManifest.xml:266:13-49
283            android:windowSoftInputMode="adjustPan" />
283-->src/main/AndroidManifest.xml:267:13-52
284        <activity
284-->src/main/AndroidManifest.xml:268:9-272:55
285            android:name="org.forcepower.starcement.aaa.OrderFormActivityAlternateDesign"
285-->src/main/AndroidManifest.xml:269:13-65
286            android:configChanges="orientation|keyboard|keyboardHidden"
286-->src/main/AndroidManifest.xml:270:13-72
287            android:screenOrientation="portrait"
287-->src/main/AndroidManifest.xml:271:13-49
288            android:windowSoftInputMode="adjustPan" />
288-->src/main/AndroidManifest.xml:272:13-52
289        <activity
289-->src/main/AndroidManifest.xml:273:9-277:55
290            android:name="org.forcepower.starcement.aaa.ConsumerSchemeActivity"
290-->src/main/AndroidManifest.xml:274:13-55
291            android:configChanges="orientation|keyboard|keyboardHidden"
291-->src/main/AndroidManifest.xml:275:13-72
292            android:screenOrientation="portrait"
292-->src/main/AndroidManifest.xml:276:13-49
293            android:windowSoftInputMode="adjustPan" />
293-->src/main/AndroidManifest.xml:277:13-52
294        <activity
294-->src/main/AndroidManifest.xml:278:9-282:55
295            android:name="org.forcepower.starcement.aaa.OrderConfirmationActivity"
295-->src/main/AndroidManifest.xml:279:13-58
296            android:configChanges="orientation|keyboard|keyboardHidden"
296-->src/main/AndroidManifest.xml:280:13-72
297            android:screenOrientation="portrait"
297-->src/main/AndroidManifest.xml:281:13-49
298            android:windowSoftInputMode="adjustPan" />
298-->src/main/AndroidManifest.xml:282:13-52
299        <activity
299-->src/main/AndroidManifest.xml:283:9-287:55
300            android:name="org.forcepower.starcement.aaa.NewOrderConfirmationActivity"
300-->src/main/AndroidManifest.xml:284:13-61
301            android:configChanges="orientation|keyboard|keyboardHidden"
301-->src/main/AndroidManifest.xml:285:13-72
302            android:screenOrientation="portrait"
302-->src/main/AndroidManifest.xml:286:13-49
303            android:windowSoftInputMode="adjustPan" />
303-->src/main/AndroidManifest.xml:287:13-52
304        <activity
304-->src/main/AndroidManifest.xml:288:9-292:55
305            android:name="org.forcepower.starcement.aaa.LedgerMonthWiseActivity"
305-->src/main/AndroidManifest.xml:289:13-56
306            android:configChanges="orientation|keyboard|keyboardHidden"
306-->src/main/AndroidManifest.xml:290:13-72
307            android:screenOrientation="portrait"
307-->src/main/AndroidManifest.xml:291:13-49
308            android:windowSoftInputMode="adjustPan" />
308-->src/main/AndroidManifest.xml:292:13-52
309        <activity
309-->src/main/AndroidManifest.xml:293:9-297:55
310            android:name="org.forcepower.starcement.aaa.CreditLimitActivity"
310-->src/main/AndroidManifest.xml:294:13-52
311            android:configChanges="orientation|keyboard|keyboardHidden"
311-->src/main/AndroidManifest.xml:295:13-72